[INFO] 2025-12-29 14:13:47 :: Docker CLI found and socket accessible
[WARN] 2025-12-29 14:13:47 :: CHECK_DELAY not defined, defaulting to '60' seconds
[WARN] 2025-12-29 14:13:47 :: RETRY_COUNT not defined, defaulting to '3'
[WARN] 2025-12-29 14:13:47 :: RETRY_DELAY not defined, defaulting to '10' seconds
[WARN] 2025-12-29 14:13:47 :: ACTION not defined, defaulting to 'restart'
[INFO] 2025-12-29 14:13:47 :: No label filter specified, monitoring all containers with healthchecks
[INFO] 2025-12-29 14:13:47 :: Starting health check loop (interval: 60 seconds)...
[INFO] 2025-12-29 14:13:47 :: No unhealthy containers found
[INFO] 2025-12-29 14:13:47 :: Sleeping for 60 seconds before next check...
[INFO] 2025-12-29 14:14:47 :: No unhealthy containers found
[INFO] 2025-12-29 14:14:47 :: Sleeping for 60 seconds before next check...
[INFO] 2025-12-29 14:15:47 :: No unhealthy containers found
[INFO] 2025-12-29 14:15:47 :: Sleeping for 60 seconds before next check...
[INFO] 2025-12-29 14:16:47 :: No unhealthy containers found
[INFO] 2025-12-29 14:16:47 :: Sleeping for 60 seconds before next check...
[INFO] 2025-12-29 14:17:48 :: No unhealthy containers found
[INFO] 2025-12-29 14:17:48 :: Sleeping for 60 seconds before next check...
[INFO] 2025-12-29 14:18:48 :: No unhealthy containers found
[INFO] 2025-12-29 14:18:48 :: Sleeping for 60 seconds before next check...
[INFO] 2025-12-29 14:19:48 :: No unhealthy containers found
[INFO] 2025-12-29 14:19:48 :: Sleeping for 60 seconds before next check...
[INFO] 2025-12-29 14:20:48 :: No unhealthy containers found
[INFO] 2025-12-29 14:20:48 :: Sleeping for 60 seconds before next check...
[INFO] 2025-12-29 14:21:48 :: No unhealthy containers found
[INFO] 2025-12-29 14:21:48 :: Sleeping for 60 seconds before next check...
[INFO] 2025-12-29 14:22:48 :: No unhealthy containers found
[INFO] 2025-12-29 14:22:48 :: Sleeping for 60 seconds before next check...
[INFO] 2025-12-29 14:23:48 :: No unhealthy containers found
[INFO] 2025-12-29 14:23:48 :: Sleeping for 60 seconds before next check...
[INFO] 2025-12-29 14:24:48 :: No unhealthy containers found
[INFO] 2025-12-29 14:24:48 :: Sleeping for 60 seconds before next check...
[INFO] 2025-12-29 14:25:48 :: No unhealthy containers found
[INFO] 2025-12-29 14:25:48 :: Sleeping for 60 seconds before next check...
[INFO] 2025-12-29 14:26:48 :: No unhealthy containers found
[INFO] 2025-12-29 14:26:48 :: Sleeping for 60 seconds before next check...
[INFO] 2025-12-29 14:27:48 :: No unhealthy containers found
[INFO] 2025-12-29 14:27:48 :: Sleeping for 60 seconds before next check...
[INFO] 2025-12-29 14:28:48 :: No unhealthy containers found
[INFO] 2025-12-29 14:28:48 :: Sleeping for 60 seconds before next check...
[INFO] 2025-12-29 14:29:48 :: No unhealthy containers found
[INFO] 2025-12-29 14:29:48 :: Sleeping for 60 seconds before next check...
[INFO] 2025-12-29 14:30:48 :: No unhealthy containers found
[INFO] 2025-12-29 14:30:48 :: Sleeping for 60 seconds before next check...
[INFO] 2025-12-29 14:31:48 :: No unhealthy containers found
[INFO] 2025-12-29 14:31:48 :: Sleeping for 60 seconds before next check...
[INFO] 2025-12-29 14:32:48 :: No unhealthy containers found
[INFO] 2025-12-29 14:32:48 :: Sleeping for 60 seconds before next check...
[INFO] 2025-12-29 14:33:48 :: No unhealthy containers found
[INFO] 2025-12-29 14:33:48 :: Sleeping for 60 seconds before next check...
[INFO] 2025-12-29 14:34:48 :: No unhealthy containers found
[INFO] 2025-12-29 14:34:48 :: Sleeping for 60 seconds before next check...
[INFO] 2025-12-29 14:35:48 :: No unhealthy containers found
[INFO] 2025-12-29 14:35:48 :: Sleeping for 60 seconds before next check...
[INFO] 2025-12-29 14:36:48 :: No unhealthy containers found
[INFO] 2025-12-29 14:36:48 :: Sleeping for 60 seconds before next check...
[INFO] 2025-12-29 14:37:48 :: No unhealthy containers found
[INFO] 2025-12-29 14:37:48 :: Sleeping for 60 seconds before next check...
[INFO] 2025-12-29 14:38:48 :: No unhealthy containers found
[INFO] 2025-12-29 14:38:48 :: Sleeping for 60 seconds before next check...
[INFO] 2025-12-29 14:39:48 :: No unhealthy containers found
[INFO] 2025-12-29 14:39:48 :: Sleeping for 60 seconds before next check...
[INFO] 2025-12-29 14:40:48 :: No unhealthy containers found
[INFO] 2025-12-29 14:40:48 :: Sleeping for 60 seconds before next check...
[INFO] 2025-12-29 14:41:48 :: No unhealthy containers found
[INFO] 2025-12-29 14:41:48 :: Sleeping for 60 seconds before next check...
[INFO] 2025-12-29 14:42:48 :: No unhealthy containers found
[INFO] 2025-12-29 14:42:48 :: Sleeping for 60 seconds before next check...
[INFO] 2025-12-29 14:43:48 :: No unhealthy containers found
[INFO] 2025-12-29 14:43:48 :: Sleeping for 60 seconds before next check...
[INFO] 2025-12-29 14:44:48 :: No unhealthy containers found
[INFO] 2025-12-29 14:44:48 :: Sleeping for 60 seconds before next check...
[INFO] 2025-12-29 14:45:48 :: No unhealthy containers found
[INFO] 2025-12-29 14:45:48 :: Sleeping for 60 seconds before next check...
[INFO] 2025-12-29 14:46:48 :: No unhealthy containers found
[INFO] 2025-12-29 14:46:48 :: Sleeping for 60 seconds before next check...
[INFO] 2025-12-29 14:47:48 :: No unhealthy containers found
[INFO] 2025-12-29 14:47:48 :: Sleeping for 60 seconds before next check...
[INFO] 2025-12-29 14:48:48 :: No unhealthy containers found
[INFO] 2025-12-29 14:48:48 :: Sleeping for 60 seconds before next check...
[INFO] 2025-12-29 14:49:48 :: No unhealthy containers found
[INFO] 2025-12-29 14:49:48 :: Sleeping for 60 seconds before next check...
[INFO] 2025-12-29 14:50:48 :: No unhealthy containers found
[INFO] 2025-12-29 14:50:48 :: Sleeping for 60 seconds before next check...
[INFO] 2025-12-29 14:51:48 :: No unhealthy containers found
[INFO] 2025-12-29 14:51:48 :: Sleeping for 60 seconds before next check...
[INFO] 2025-12-29 14:52:48 :: No unhealthy containers found
[INFO] 2025-12-29 14:52:48 :: Sleeping for 60 seconds before next check...
[INFO] 2025-12-29 14:53:48 :: No unhealthy containers found
[INFO] 2025-12-29 14:53:48 :: Sleeping for 60 seconds before next check...
[INFO] 2025-12-29 14:54:48 :: No unhealthy containers found
[INFO] 2025-12-29 14:54:48 :: Sleeping for 60 seconds before next check...
[INFO] 2025-12-29 14:55:48 :: No unhealthy containers found
[INFO] 2025-12-29 14:55:48 :: Sleeping for 60 seconds before next check...
[INFO] 2025-12-29 14:56:48 :: No unhealthy containers found
[INFO] 2025-12-29 14:56:48 :: Sleeping for 60 seconds before next check...
[INFO] 2025-12-29 14:57:48 :: No unhealthy containers found
[INFO] 2025-12-29 14:57:48 :: Sleeping for 60 seconds before next check...
[INFO] 2025-12-29 14:58:48 :: No unhealthy containers found
[INFO] 2025-12-29 14:58:48 :: Sleeping for 60 seconds before next check...
[INFO] 2025-12-29 14:59:48 :: No unhealthy containers found
[INFO] 2025-12-29 14:59:48 :: Sleeping for 60 seconds before next check...
[INFO] 2025-12-29 15:00:48 :: No unhealthy containers found
[INFO] 2025-12-29 15:00:48 :: Sleeping for 60 seconds before next check...
[INFO] 2025-12-29 15:01:48 :: No unhealthy containers found
[INFO] 2025-12-29 15:01:48 :: Sleeping for 60 seconds before next check...
[INFO] 2025-12-29 15:02:48 :: No unhealthy containers found
[INFO] 2025-12-29 15:02:48 :: Sleeping for 60 seconds before next check...
[INFO] 2025-12-29 15:03:48 :: No unhealthy containers found
[INFO] 2025-12-29 15:03:48 :: Sleeping for 60 seconds before next check...
[INFO] 2025-12-29 15:04:48 :: No unhealthy containers found
[INFO] 2025-12-29 15:04:48 :: Sleeping for 60 seconds before next check...
[INFO] 2025-12-29 15:05:48 :: No unhealthy containers found
[INFO] 2025-12-29 15:05:48 :: Sleeping for 60 seconds before next check...
[INFO] 2025-12-29 15:06:48 :: No unhealthy containers found
[INFO] 2025-12-29 15:06:48 :: Sleeping for 60 seconds before next check...
[INFO] 2025-12-29 15:07:48 :: No unhealthy containers found
[INFO] 2025-12-29 15:07:48 :: Sleeping for 60 seconds before next check...
[INFO] 2025-12-29 15:08:48 :: No unhealthy containers found
[INFO] 2025-12-29 15:08:48 :: Sleeping for 60 seconds before next check...
[INFO] 2025-12-29 15:09:48 :: No unhealthy containers found
[INFO] 2025-12-29 15:09:48 :: Sleeping for 60 seconds before next check...
[INFO] 2025-12-29 15:10:48 :: No unhealthy containers found
[INFO] 2025-12-29 15:10:48 :: Sleeping for 60 seconds before next check...
[INFO] 2025-12-29 15:11:48 :: No unhealthy containers found
[INFO] 2025-12-29 15:11:48 :: Sleeping for 60 seconds before next check...
[INFO] 2025-12-29 15:12:48 :: No unhealthy containers found
[INFO] 2025-12-29 15:12:48 :: Sleeping for 60 seconds before next check...
[INFO] 2025-12-29 15:13:48 :: No unhealthy containers found
[INFO] 2025-12-29 15:13:48 :: Sleeping for 60 seconds before next check...
[INFO] 2025-12-29 15:14:48 :: No unhealthy containers found
[INFO] 2025-12-29 15:14:48 :: Sleeping for 60 seconds before next check...
[INFO] 2025-12-29 15:15:49 :: No unhealthy containers found
[INFO] 2025-12-29 15:15:49 :: Sleeping for 60 seconds before next check...
[INFO] 2025-12-29 15:16:49 :: No unhealthy containers found
[INFO] 2025-12-29 15:16:49 :: Sleeping for 60 seconds before next check...
[INFO] 2025-12-29 15:17:49 :: No unhealthy containers found
[INFO] 2025-12-29 15:17:49 :: Sleeping for 60 seconds before next check...
[INFO] 2025-12-29 15:18:49 :: No unhealthy containers found
[INFO] 2025-12-29 15:18:49 :: Sleeping for 60 seconds before next check...
[INFO] 2025-12-29 15:19:49 :: No unhealthy containers found
[INFO] 2025-12-29 15:19:49 :: Sleeping for 60 seconds before next check...
[INFO] 2025-12-29 15:20:49 :: No unhealthy containers found
[INFO] 2025-12-29 15:20:49 :: Sleeping for 60 seconds before next check...
[INFO] 2025-12-29 15:21:49 :: No unhealthy containers found
[INFO] 2025-12-29 15:21:49 :: Sleeping for 60 seconds before next check...
[INFO] 2025-12-29 15:22:49 :: No unhealthy containers found
[INFO] 2025-12-29 15:22:49 :: Sleeping for 60 seconds before next check...
[INFO] 2025-12-29 15:23:49 :: No unhealthy containers found
[INFO] 2025-12-29 15:23:49 :: Sleeping for 60 seconds before next check...
[INFO] 2025-12-29 15:24:49 :: No unhealthy containers found
[INFO] 2025-12-29 15:24:49 :: Sleeping for 60 seconds before next check...
[INFO] 2025-12-29 15:25:49 :: No unhealthy containers found
[INFO] 2025-12-29 15:25:49 :: Sleeping for 60 seconds before next check...
[INFO] 2025-12-29 15:26:49 :: No unhealthy containers found
[INFO] 2025-12-29 15:26:49 :: Sleeping for 60 seconds before next check...
[INFO] 2025-12-29 15:27:49 :: No unhealthy containers found
[INFO] 2025-12-29 15:27:49 :: Sleeping for 60 seconds before next check...
[INFO] 2025-12-29 15:28:49 :: No unhealthy containers found
[INFO] 2025-12-29 15:28:49 :: Sleeping for 60 seconds before next check...
[INFO] 2025-12-29 15:29:49 :: No unhealthy containers found
[INFO] 2025-12-29 15:29:49 :: Sleeping for 60 seconds before next check...
[INFO] 2025-12-29 15:30:49 :: No unhealthy containers found
[INFO] 2025-12-29 15:30:49 :: Sleeping for 60 seconds before next check...
[INFO] 2025-12-29 15:31:49 :: No unhealthy containers found
[INFO] 2025-12-29 15:31:49 :: Sleeping for 60 seconds before next check...
[INFO] 2025-12-29 15:32:49 :: No unhealthy containers found
[INFO] 2025-12-29 15:32:49 :: Sleeping for 60 seconds before next check...
[INFO] 2025-12-29 15:33:49 :: No unhealthy containers found
[INFO] 2025-12-29 15:33:49 :: Sleeping for 60 seconds before next check...
[INFO] 2025-12-29 15:34:49 :: No unhealthy containers found
[INFO] 2025-12-29 15:34:49 :: Sleeping for 60 seconds before next check...
[INFO] 2025-12-29 15:35:49 :: No unhealthy containers found
[INFO] 2025-12-29 15:35:49 :: Sleeping for 60 seconds before next check...
[INFO] 2025-12-29 15:36:49 :: No unhealthy containers found
[INFO] 2025-12-29 15:36:49 :: Sleeping for 60 seconds before next check...
[INFO] 2025-12-29 15:37:49 :: No unhealthy containers found
[INFO] 2025-12-29 15:37:49 :: Sleeping for 60 seconds before next check...
[INFO] 2025-12-29 15:38:49 :: No unhealthy containers found
[INFO] 2025-12-29 15:38:49 :: Sleeping for 60 seconds before next check...
[INFO] 2025-12-29 15:39:49 :: No unhealthy containers found
[INFO] 2025-12-29 15:39:49 :: Sleeping for 60 seconds before next check...
[INFO] 2025-12-29 15:40:49 :: No unhealthy containers found
[INFO] 2025-12-29 15:40:49 :: Sleeping for 60 seconds before next check...
[INFO] 2025-12-29 15:41:49 :: No unhealthy containers found
[INFO] 2025-12-29 15:41:49 :: Sleeping for 60 seconds before next check...
[INFO] 2025-12-29 15:42:49 :: No unhealthy containers found
[INFO] 2025-12-29 15:42:49 :: Sleeping for 60 seconds before next check...
[INFO] 2025-12-29 15:43:49 :: No unhealthy containers found
[INFO] 2025-12-29 15:43:49 :: Sleeping for 60 seconds before next check...
[INFO] 2025-12-29 15:44:49 :: No unhealthy containers found
[INFO] 2025-12-29 15:44:49 :: Sleeping for 60 seconds before next check...
[INFO] 2025-12-29 15:45:49 :: No unhealthy containers found
[INFO] 2025-12-29 15:45:49 :: Sleeping for 60 seconds before next check...
[INFO] 2025-12-29 15:46:49 :: No unhealthy containers found
[INFO] 2025-12-29 15:46:49 :: Sleeping for 60 seconds before next check...
[INFO] 2025-12-29 15:47:49 :: No unhealthy containers found
[INFO] 2025-12-29 15:47:49 :: Sleeping for 60 seconds before next check...
[INFO] 2025-12-29 15:48:49 :: No unhealthy containers found
[INFO] 2025-12-29 15:48:49 :: Sleeping for 60 seconds before next check...
[INFO] 2025-12-29 15:49:49 :: No unhealthy containers found
[INFO] 2025-12-29 15:49:49 :: Sleeping for 60 seconds before next check...
[INFO] 2025-12-29 15:50:49 :: No unhealthy containers found
[INFO] 2025-12-29 15:50:49 :: Sleeping for 60 seconds before next check...
[INFO] 2025-12-29 15:51:49 :: No unhealthy containers found
[INFO] 2025-12-29 15:51:49 :: Sleeping for 60 seconds before next check...
[INFO] 2025-12-29 15:52:49 :: No unhealthy containers found
[INFO] 2025-12-29 15:52:49 :: Sleeping for 60 seconds before next check...
[INFO] 2025-12-29 15:53:49 :: No unhealthy containers found
[INFO] 2025-12-29 15:53:49 :: Sleeping for 60 seconds before next check...
[INFO] 2025-12-29 15:54:49 :: No unhealthy containers found
[INFO] 2025-12-29 15:54:49 :: Sleeping for 60 seconds before next check...
[INFO] 2025-12-29 15:55:49 :: No unhealthy containers found
[INFO] 2025-12-29 15:55:49 :: Sleeping for 60 seconds before next check...
[INFO] 2025-12-29 15:56:49 :: No unhealthy containers found
[INFO] 2025-12-29 15:56:49 :: Sleeping for 60 seconds before next check...
[INFO] 2025-12-29 15:57:49 :: No unhealthy containers found
[INFO] 2025-12-29 15:57:49 :: Sleeping for 60 seconds before next check...
[INFO] 2025-12-29 15:58:49 :: No unhealthy containers found
[INFO] 2025-12-29 15:58:49 :: Sleeping for 60 seconds before next check...
[INFO] 2025-12-29 15:59:49 :: No unhealthy containers found
[INFO] 2025-12-29 15:59:49 :: Sleeping for 60 seconds before next check...
[INFO] 2025-12-29 16:00:49 :: No unhealthy containers found
[INFO] 2025-12-29 16:00:49 :: Sleeping for 60 seconds before next check...
[INFO] 2025-12-29 16:01:49 :: No unhealthy containers found
[INFO] 2025-12-29 16:01:49 :: Sleeping for 60 seconds before next check...
[INFO] 2025-12-29 16:02:49 :: No unhealthy containers found
[INFO] 2025-12-29 16:02:49 :: Sleeping for 60 seconds before next check...
[INFO] 2025-12-29 16:03:49 :: No unhealthy containers found
[INFO] 2025-12-29 16:03:49 :: Sleeping for 60 seconds before next check...
[INFO] 2025-12-29 16:04:49 :: No unhealthy containers found
[INFO] 2025-12-29 16:04:49 :: Sleeping for 60 seconds before next check...
[INFO] 2025-12-29 16:05:49 :: No unhealthy containers found
[INFO] 2025-12-29 16:05:49 :: Sleeping for 60 seconds before next check...
[INFO] 2025-12-29 16:06:49 :: No unhealthy containers found
[INFO] 2025-12-29 16:06:49 :: Sleeping for 60 seconds before next check...
[INFO] 2025-12-29 16:07:49 :: No unhealthy containers found
[INFO] 2025-12-29 16:07:49 :: Sleeping for 60 seconds before next check...
[INFO] 2025-12-29 16:08:49 :: No unhealthy containers found
[INFO] 2025-12-29 16:08:49 :: Sleeping for 60 seconds before next check...
[INFO] 2025-12-29 16:09:49 :: No unhealthy containers found
[INFO] 2025-12-29 16:09:49 :: Sleeping for 60 seconds before next check...
[INFO] 2025-12-29 16:10:49 :: No unhealthy containers found
[INFO] 2025-12-29 16:10:49 :: Sleeping for 60 seconds before next check...
[INFO] 2025-12-29 16:11:49 :: No unhealthy containers found
[INFO] 2025-12-29 16:11:49 :: Sleeping for 60 seconds before next check...
[INFO] 2025-12-29 16:12:49 :: No unhealthy containers found
[INFO] 2025-12-29 16:12:49 :: Sleeping for 60 seconds before next check...
[INFO] 2025-12-29 16:13:50 :: No unhealthy containers found
[INFO] 2025-12-29 16:13:50 :: Sleeping for 60 seconds before next check...
[INFO] 2025-12-29 16:14:50 :: No unhealthy containers found
[INFO] 2025-12-29 16:14:50 :: Sleeping for 60 seconds before next check...
[INFO] 2025-12-29 16:15:50 :: No unhealthy containers found
[INFO] 2025-12-29 16:15:50 :: Sleeping for 60 seconds before next check...
[INFO] 2025-12-29 16:16:50 :: No unhealthy containers found
[INFO] 2025-12-29 16:16:50 :: Sleeping for 60 seconds before next check...
[INFO] 2025-12-29 16:17:50 :: No unhealthy containers found
[INFO] 2025-12-29 16:17:50 :: Sleeping for 60 seconds before next check...
[INFO] 2025-12-29 16:18:50 :: No unhealthy containers found
[INFO] 2025-12-29 16:18:50 :: Sleeping for 60 seconds before next check...
[INFO] 2025-12-29 16:19:50 :: No unhealthy containers found
[INFO] 2025-12-29 16:19:50 :: Sleeping for 60 seconds before next check...
[INFO] 2025-12-29 16:20:50 :: No unhealthy containers found
[INFO] 2025-12-29 16:20:50 :: Sleeping for 60 seconds before next check...
[INFO] 2025-12-29 16:21:50 :: No unhealthy containers found
[INFO] 2025-12-29 16:21:50 :: Sleeping for 60 seconds before next check...
[INFO] 2025-12-29 16:22:50 :: No unhealthy containers found
[INFO] 2025-12-29 16:22:50 :: Sleeping for 60 seconds before next check...
[INFO] 2025-12-29 16:23:50 :: No unhealthy containers found
[INFO] 2025-12-29 16:23:50 :: Sleeping for 60 seconds before next check...
[INFO] 2025-12-29 16:24:50 :: No unhealthy containers found
[INFO] 2025-12-29 16:24:50 :: Sleeping for 60 seconds before next check...
[INFO] 2025-12-29 16:25:50 :: No unhealthy containers found
[INFO] 2025-12-29 16:25:50 :: Sleeping for 60 seconds before next check...
[INFO] 2025-12-29 16:26:50 :: No unhealthy containers found
[INFO] 2025-12-29 16:26:50 :: Sleeping for 60 seconds before next check...
[INFO] 2025-12-29 16:27:50 :: No unhealthy containers found
[INFO] 2025-12-29 16:27:50 :: Sleeping for 60 seconds before next check...
[INFO] 2025-12-29 16:28:50 :: No unhealthy containers found
[INFO] 2025-12-29 16:28:50 :: Sleeping for 60 seconds before next check...
[INFO] 2025-12-29 16:29:50 :: No unhealthy containers found
[INFO] 2025-12-29 16:29:50 :: Sleeping for 60 seconds before next check...
[INFO] 2025-12-29 16:30:50 :: No unhealthy containers found
[INFO] 2025-12-29 16:30:50 :: Sleeping for 60 seconds before next check...
[INFO] 2025-12-29 16:31:50 :: No unhealthy containers found
[INFO] 2025-12-29 16:31:50 :: Sleeping for 60 seconds before next check...
[INFO] 2025-12-29 16:32:50 :: No unhealthy containers found
[INFO] 2025-12-29 16:32:50 :: Sleeping for 60 seconds before next check...
[INFO] 2025-12-29 16:33:50 :: No unhealthy containers found
[INFO] 2025-12-29 16:33:50 :: Sleeping for 60 seconds before next check...
[INFO] 2025-12-29 16:34:50 :: No unhealthy containers found
[INFO] 2025-12-29 16:34:50 :: Sleeping for 60 seconds before next check...
[INFO] 2025-12-29 16:35:50 :: No unhealthy containers found
[INFO] 2025-12-29 16:35:50 :: Sleeping for 60 seconds before next check...
[INFO] 2025-12-29 16:36:50 :: No unhealthy containers found
[INFO] 2025-12-29 16:36:50 :: Sleeping for 60 seconds before next check...
[INFO] 2025-12-29 16:37:50 :: No unhealthy containers found
[INFO] 2025-12-29 16:37:50 :: Sleeping for 60 seconds before next check...
[INFO] 2025-12-29 16:38:50 :: No unhealthy containers found
[INFO] 2025-12-29 16:38:50 :: Sleeping for 60 seconds before next check...
[INFO] 2025-12-29 16:39:50 :: No unhealthy containers found
[INFO] 2025-12-29 16:39:50 :: Sleeping for 60 seconds before next check...
[INFO] 2025-12-29 16:40:50 :: No unhealthy containers found
[INFO] 2025-12-29 16:40:50 :: Sleeping for 60 seconds before next check...
[INFO] 2025-12-29 16:41:50 :: No unhealthy containers found
[INFO] 2025-12-29 16:41:50 :: Sleeping for 60 seconds before next check...
[INFO] 2025-12-29 16:42:50 :: No unhealthy containers found
[INFO] 2025-12-29 16:42:50 :: Sleeping for 60 seconds before next check...
[INFO] 2025-12-29 16:43:50 :: No unhealthy containers found
[INFO] 2025-12-29 16:43:50 :: Sleeping for 60 seconds before next check...
[INFO] 2025-12-29 16:44:50 :: No unhealthy containers found
[INFO] 2025-12-29 16:44:50 :: Sleeping for 60 seconds before next check...
[INFO] 2025-12-29 16:45:50 :: No unhealthy containers found
[INFO] 2025-12-29 16:45:50 :: Sleeping for 60 seconds before next check...
[INFO] 2025-12-29 16:46:50 :: No unhealthy containers found
[INFO] 2025-12-29 16:46:50 :: Sleeping for 60 seconds before next check...
[INFO] 2025-12-29 16:47:50 :: No unhealthy containers found
[INFO] 2025-12-29 16:47:50 :: Sleeping for 60 seconds before next check...
[INFO] 2025-12-29 16:48:50 :: No unhealthy containers found
[INFO] 2025-12-29 16:48:50 :: Sleeping for 60 seconds before next check...
[INFO] 2025-12-29 16:49:50 :: No unhealthy containers found
[INFO] 2025-12-29 16:49:50 :: Sleeping for 60 seconds before next check...
[INFO] 2025-12-29 16:50:50 :: No unhealthy containers found
[INFO] 2025-12-29 16:50:50 :: Sleeping for 60 seconds before next check...
[INFO] 2025-12-29 16:51:50 :: No unhealthy containers found
[INFO] 2025-12-29 16:51:50 :: Sleeping for 60 seconds before next check...
[INFO] 2025-12-29 16:52:50 :: No unhealthy containers found
[INFO] 2025-12-29 16:52:50 :: Sleeping for 60 seconds before next check...
[INFO] 2025-12-29 16:53:50 :: No unhealthy containers found
[INFO] 2025-12-29 16:53:50 :: Sleeping for 60 seconds before next check...
[INFO] 2025-12-29 16:54:50 :: No unhealthy containers found
[INFO] 2025-12-29 16:54:50 :: Sleeping for 60 seconds before next check...
[INFO] 2025-12-29 16:55:50 :: No unhealthy containers found
[INFO] 2025-12-29 16:55:50 :: Sleeping for 60 seconds before next check...
[INFO] 2025-12-29 16:56:50 :: No unhealthy containers found
[INFO] 2025-12-29 16:56:50 :: Sleeping for 60 seconds before next check...
[INFO] 2025-12-29 16:57:50 :: No unhealthy containers found
[INFO] 2025-12-29 16:57:50 :: Sleeping for 60 seconds before next check...
[INFO] 2025-12-29 16:58:50 :: No unhealthy containers found
[INFO] 2025-12-29 16:58:50 :: Sleeping for 60 seconds before next check...
[INFO] 2025-12-29 16:59:50 :: No unhealthy containers found
[INFO] 2025-12-29 16:59:50 :: Sleeping for 60 seconds before next check...
[INFO] 2025-12-29 17:00:50 :: No unhealthy containers found
[INFO] 2025-12-29 17:00:50 :: Sleeping for 60 seconds before next check...
[INFO] 2025-12-29 17:01:50 :: No unhealthy containers found
[INFO] 2025-12-29 17:01:50 :: Sleeping for 60 seconds before next check...
[INFO] 2025-12-29 17:02:50 :: No unhealthy containers found
[INFO] 2025-12-29 17:02:50 :: Sleeping for 60 seconds before next check...
[INFO] 2025-12-29 17:03:50 :: No unhealthy containers found
[INFO] 2025-12-29 17:03:50 :: Sleeping for 60 seconds before next check...
[INFO] 2025-12-29 17:04:50 :: No unhealthy containers found
[INFO] 2025-12-29 17:04:50 :: Sleeping for 60 seconds before next check...
[INFO] 2025-12-29 17:05:50 :: No unhealthy containers found
[INFO] 2025-12-29 17:05:50 :: Sleeping for 60 seconds before next check...
[INFO] 2025-12-29 17:06:50 :: No unhealthy containers found
[INFO] 2025-12-29 17:06:50 :: Sleeping for 60 seconds before next check...
[INFO] 2025-12-29 17:07:50 :: No unhealthy containers found
[INFO] 2025-12-29 17:07:50 :: Sleeping for 60 seconds before next check...
[INFO] 2025-12-29 17:08:50 :: No unhealthy containers found
[INFO] 2025-12-29 17:08:50 :: Sleeping for 60 seconds before next check...
[INFO] 2025-12-29 17:09:50 :: No unhealthy containers found
[INFO] 2025-12-29 17:09:50 :: Sleeping for 60 seconds before next check...
[INFO] 2025-12-29 17:10:50 :: No unhealthy containers found
[INFO] 2025-12-29 17:10:51 :: Sleeping for 60 seconds before next check...
[INFO] 2025-12-29 17:11:51 :: No unhealthy containers found
[INFO] 2025-12-29 17:11:51 :: Sleeping for 60 seconds before next check...
[INFO] 2025-12-29 17:12:51 :: No unhealthy containers found
[INFO] 2025-12-29 17:12:51 :: Sleeping for 60 seconds before next check...
[INFO] 2025-12-29 17:13:51 :: No unhealthy containers found
[INFO] 2025-12-29 17:13:51 :: Sleeping for 60 seconds before next check...
[INFO] 2025-12-29 17:14:51 :: No unhealthy containers found
[INFO] 2025-12-29 17:14:51 :: Sleeping for 60 seconds before next check...
[INFO] 2025-12-29 17:15:51 :: No unhealthy containers found
[INFO] 2025-12-29 17:15:51 :: Sleeping for 60 seconds before next check...
[INFO] 2025-12-29 17:16:51 :: No unhealthy containers found
[INFO] 2025-12-29 17:16:51 :: Sleeping for 60 seconds before next check...
[INFO] 2025-12-29 17:17:51 :: No unhealthy containers found
[INFO] 2025-12-29 17:17:51 :: Sleeping for 60 seconds before next check...
[INFO] 2025-12-29 17:18:51 :: No unhealthy containers found
[INFO] 2025-12-29 17:18:51 :: Sleeping for 60 seconds before next check...
[INFO] 2025-12-29 17:19:51 :: No unhealthy containers found
[INFO] 2025-12-29 17:19:51 :: Sleeping for 60 seconds before next check...
[INFO] 2025-12-29 17:20:51 :: No unhealthy containers found
[INFO] 2025-12-29 17:20:51 :: Sleeping for 60 seconds before next check...
[INFO] 2025-12-29 17:21:51 :: No unhealthy containers found
[INFO] 2025-12-29 17:21:51 :: Sleeping for 60 seconds before next check...
[INFO] 2025-12-29 17:22:51 :: No unhealthy containers found
[INFO] 2025-12-29 17:22:51 :: Sleeping for 60 seconds before next check...
[INFO] 2025-12-29 17:23:51 :: No unhealthy containers found
[INFO] 2025-12-29 17:23:51 :: Sleeping for 60 seconds before next check...
[INFO] 2025-12-29 17:24:51 :: No unhealthy containers found
[INFO] 2025-12-29 17:24:51 :: Sleeping for 60 seconds before next check...
[INFO] 2025-12-29 17:25:51 :: No unhealthy containers found
[INFO] 2025-12-29 17:25:51 :: Sleeping for 60 seconds before next check...
[INFO] 2025-12-29 17:26:51 :: No unhealthy containers found
[INFO] 2025-12-29 17:26:51 :: Sleeping for 60 seconds before next check...
[INFO] 2025-12-29 17:27:51 :: No unhealthy containers found
[INFO] 2025-12-29 17:27:51 :: Sleeping for 60 seconds before next check...
[INFO] 2025-12-29 17:28:51 :: No unhealthy containers found
[INFO] 2025-12-29 17:28:51 :: Sleeping for 60 seconds before next check...
[INFO] 2025-12-29 17:29:51 :: No unhealthy containers found
[INFO] 2025-12-29 17:29:51 :: Sleeping for 60 seconds before next check...
[INFO] 2025-12-29 17:30:51 :: No unhealthy containers found
[INFO] 2025-12-29 17:30:51 :: Sleeping for 60 seconds before next check...
[INFO] 2025-12-29 17:31:51 :: No unhealthy containers found
[INFO] 2025-12-29 17:31:51 :: Sleeping for 60 seconds before next check...
[INFO] 2025-12-29 17:32:51 :: No unhealthy containers found
[INFO] 2025-12-29 17:32:51 :: Sleeping for 60 seconds before next check...
[INFO] 2025-12-29 17:33:51 :: No unhealthy containers found
[INFO] 2025-12-29 17:33:51 :: Sleeping for 60 seconds before next check...
[INFO] 2025-12-29 17:34:51 :: No unhealthy containers found
[INFO] 2025-12-29 17:34:51 :: Sleeping for 60 seconds before next check...
[INFO] 2025-12-29 17:35:51 :: No unhealthy containers found
[INFO] 2025-12-29 17:35:51 :: Sleeping for 60 seconds before next check...
[INFO] 2025-12-29 17:36:51 :: No unhealthy containers found
[INFO] 2025-12-29 17:36:51 :: Sleeping for 60 seconds before next check...
[INFO] 2025-12-29 17:37:51 :: No unhealthy containers found
[INFO] 2025-12-29 17:37:51 :: Sleeping for 60 seconds before next check...
[INFO] 2025-12-29 17:38:51 :: No unhealthy containers found
[INFO] 2025-12-29 17:38:51 :: Sleeping for 60 seconds before next check...
[INFO] 2025-12-29 17:39:51 :: No unhealthy containers found
[INFO] 2025-12-29 17:39:51 :: Sleeping for 60 seconds before next check...
[INFO] 2025-12-29 17:40:51 :: No unhealthy containers found
[INFO] 2025-12-29 17:40:51 :: Sleeping for 60 seconds before next check...
[INFO] 2025-12-29 17:41:51 :: No unhealthy containers found
[INFO] 2025-12-29 17:41:51 :: Sleeping for 60 seconds before next check...
[INFO] 2025-12-29 17:42:51 :: No unhealthy containers found
[INFO] 2025-12-29 17:42:51 :: Sleeping for 60 seconds before next check...
[INFO] 2025-12-29 17:43:51 :: No unhealthy containers found
[INFO] 2025-12-29 17:43:51 :: Sleeping for 60 seconds before next check...
[INFO] 2025-12-29 17:44:51 :: No unhealthy containers found
[INFO] 2025-12-29 17:44:51 :: Sleeping for 60 seconds before next check...
[INFO] 2025-12-29 17:45:51 :: No unhealthy containers found
[INFO] 2025-12-29 17:45:51 :: Sleeping for 60 seconds before next check...
[INFO] 2025-12-29 17:46:51 :: No unhealthy containers found
[INFO] 2025-12-29 17:46:51 :: Sleeping for 60 seconds before next check...
[INFO] 2025-12-29 17:47:51 :: No unhealthy containers found
[INFO] 2025-12-29 17:47:51 :: Sleeping for 60 seconds before next check...
[INFO] 2025-12-29 17:48:51 :: No unhealthy containers found
[INFO] 2025-12-29 17:48:51 :: Sleeping for 60 seconds before next check...
[INFO] 2025-12-29 17:49:51 :: No unhealthy containers found
[INFO] 2025-12-29 17:49:51 :: Sleeping for 60 seconds before next check...
[INFO] 2025-12-29 17:50:51 :: No unhealthy containers found
[INFO] 2025-12-29 17:50:51 :: Sleeping for 60 seconds before next check...
[INFO] 2025-12-29 17:51:51 :: No unhealthy containers found
[INFO] 2025-12-29 17:51:51 :: Sleeping for 60 seconds before next check...
[INFO] 2025-12-29 17:52:51 :: No unhealthy containers found
[INFO] 2025-12-29 17:52:51 :: Sleeping for 60 seconds before next check...
[INFO] 2025-12-29 17:53:51 :: No unhealthy containers found
[INFO] 2025-12-29 17:53:51 :: Sleeping for 60 seconds before next check...
[INFO] 2025-12-29 17:54:51 :: No unhealthy containers found
[INFO] 2025-12-29 17:54:51 :: Sleeping for 60 seconds before next check...
[INFO] 2025-12-29 17:55:51 :: No unhealthy containers found
[INFO] 2025-12-29 17:55:51 :: Sleeping for 60 seconds before next check...
[INFO] 2025-12-29 17:56:51 :: No unhealthy containers found
[INFO] 2025-12-29 17:56:51 :: Sleeping for 60 seconds before next check...
[INFO] 2025-12-29 17:57:51 :: No unhealthy containers found
[INFO] 2025-12-29 17:57:51 :: Sleeping for 60 seconds before next check...
[INFO] 2025-12-29 17:58:51 :: No unhealthy containers found
[INFO] 2025-12-29 17:58:51 :: Sleeping for 60 seconds before next check...
[INFO] 2025-12-29 17:59:51 :: No unhealthy containers found
[INFO] 2025-12-29 17:59:51 :: Sleeping for 60 seconds before next check...
[INFO] 2025-12-29 18:00:51 :: No unhealthy containers found
[INFO] 2025-12-29 18:00:51 :: Sleeping for 60 seconds before next check...
[INFO] 2025-12-29 18:01:51 :: No unhealthy containers found
[INFO] 2025-12-29 18:01:51 :: Sleeping for 60 seconds before next check...
[INFO] 2025-12-29 18:02:51 :: No unhealthy containers found
[INFO] 2025-12-29 18:02:51 :: Sleeping for 60 seconds before next check...
[INFO] 2025-12-29 18:03:51 :: No unhealthy containers found
[INFO] 2025-12-29 18:03:51 :: Sleeping for 60 seconds before next check...
[INFO] 2025-12-29 18:03:58 :: Received shutdown signal, exiting...
[INFO] 2025-12-29 18:04:02 :: Docker CLI found and socket accessible
[WARN] 2025-12-29 18:04:02 :: MONITOR_INTERVAL not defined, defaulting to '60' seconds
[WARN] 2025-12-29 18:04:02 :: RETRY_COUNT not defined, defaulting to '3'
[WARN] 2025-12-29 18:04:02 :: RETRY_DELAY not defined, defaulting to '10' seconds
[WARN] 2025-12-29 18:04:02 :: ACTION not defined, defaulting to 'restart'
[INFO] 2025-12-29 18:04:02 :: No filters specified, monitoring all containers with healthchecks
[INFO] 2025-12-29 18:04:02 :: Starting health check loop (interval: 60 seconds)...
[INFO] 2025-12-29 18:04:02 :: No unhealthy containers found
[INFO] 2025-12-29 18:04:02 :: Sleeping for 60 seconds before next check...
[INFO] 2025-12-29 18:05:02 :: No unhealthy containers found
[INFO] 2025-12-29 18:05:02 :: Sleeping for 60 seconds before next check...
[INFO] 2025-12-29 18:06:02 :: No unhealthy containers found
[INFO] 2025-12-29 18:06:02 :: Sleeping for 60 seconds before next check...
[INFO] 2025-12-29 18:07:02 :: No unhealthy containers found
[INFO] 2025-12-29 18:07:02 :: Sleeping for 60 seconds before next check...
[INFO] 2025-12-29 18:08:02 :: No unhealthy containers found
[INFO] 2025-12-29 18:08:02 :: Sleeping for 60 seconds before next check...
[INFO] 2025-12-29 18:09:02 :: No unhealthy containers found
[INFO] 2025-12-29 18:09:02 :: Sleeping for 60 seconds before next check...
[INFO] 2025-12-29 18:10:02 :: No unhealthy containers found
[INFO] 2025-12-29 18:10:02 :: Sleeping for 60 seconds before next check...
[INFO] 2025-12-29 18:11:02 :: No unhealthy containers found
[INFO] 2025-12-29 18:11:02 :: Sleeping for 60 seconds before next check...
[INFO] 2025-12-29 18:12:02 :: No unhealthy containers found
[INFO] 2025-12-29 18:12:02 :: Sleeping for 60 seconds before next check...
[INFO] 2025-12-29 18:13:02 :: No unhealthy containers found
[INFO] 2025-12-29 18:13:02 :: Sleeping for 60 seconds before next check...
[INFO] 2025-12-29 18:14:02 :: No unhealthy containers found
[INFO] 2025-12-29 18:14:02 :: Sleeping for 60 seconds before next check...
[INFO] 2025-12-29 18:15:02 :: No unhealthy containers found
[INFO] 2025-12-29 18:15:02 :: Sleeping for 60 seconds before next check...
[INFO] 2025-12-29 18:16:02 :: No unhealthy containers found
[INFO] 2025-12-29 18:16:02 :: Sleeping for 60 seconds before next check...
[INFO] 2025-12-29 18:17:02 :: No unhealthy containers found
[INFO] 2025-12-29 18:17:02 :: Sleeping for 60 seconds before next check...
[INFO] 2025-12-29 18:18:03 :: No unhealthy containers found
[INFO] 2025-12-29 18:18:03 :: Sleeping for 60 seconds before next check...
[INFO] 2025-12-29 18:19:03 :: No unhealthy containers found
[INFO] 2025-12-29 18:19:03 :: Sleeping for 60 seconds before next check...
[INFO] 2025-12-29 18:20:03 :: No unhealthy containers found
[INFO] 2025-12-29 18:20:03 :: Sleeping for 60 seconds before next check...
[INFO] 2025-12-29 18:21:03 :: No unhealthy containers found
[INFO] 2025-12-29 18:21:03 :: Sleeping for 60 seconds before next check...
[INFO] 2025-12-29 18:22:03 :: No unhealthy containers found
[INFO] 2025-12-29 18:22:03 :: Sleeping for 60 seconds before next check...
[INFO] 2025-12-29 18:23:03 :: No unhealthy containers found
[INFO] 2025-12-29 18:23:03 :: Sleeping for 60 seconds before next check...
[INFO] 2025-12-29 18:24:03 :: No unhealthy containers found
[INFO] 2025-12-29 18:24:03 :: Sleeping for 60 seconds before next check...
[INFO] 2025-12-29 18:25:03 :: No unhealthy containers found
[INFO] 2025-12-29 18:25:03 :: Sleeping for 60 seconds before next check...
[INFO] 2025-12-29 18:26:03 :: No unhealthy containers found
[INFO] 2025-12-29 18:26:03 :: Sleeping for 60 seconds before next check...
[INFO] 2025-12-29 18:27:03 :: No unhealthy containers found
[INFO] 2025-12-29 18:27:03 :: Sleeping for 60 seconds before next check...
[INFO] 2025-12-29 18:28:03 :: No unhealthy containers found
[INFO] 2025-12-29 18:28:03 :: Sleeping for 60 seconds before next check...
[INFO] 2025-12-29 18:29:03 :: No unhealthy containers found
[INFO] 2025-12-29 18:29:03 :: Sleeping for 60 seconds before next check...
[INFO] 2025-12-29 18:30:03 :: No unhealthy containers found
[INFO] 2025-12-29 18:30:03 :: Sleeping for 60 seconds before next check...
[INFO] 2025-12-29 18:31:03 :: No unhealthy containers found
[INFO] 2025-12-29 18:31:03 :: Sleeping for 60 seconds before next check...
[INFO] 2025-12-29 18:32:03 :: No unhealthy containers found
[INFO] 2025-12-29 18:32:03 :: Sleeping for 60 seconds before next check...
[INFO] 2025-12-29 18:33:03 :: No unhealthy containers found
[INFO] 2025-12-29 18:33:03 :: Sleeping for 60 seconds before next check...
[INFO] 2025-12-29 18:34:03 :: No unhealthy containers found
[INFO] 2025-12-29 18:34:03 :: Sleeping for 60 seconds before next check...
